<?xml version="1.0" encoding="UTF-8"?>
<coverage generated="1767179525169" clover="3.2.0">
  <project timestamp="1767179525169" name="All files">
    <metrics statements="136" coveredstatements="109" conditionals="35" coveredconditionals="24" methods="36" coveredmethods="32" elements="207" coveredelements="165" complexity="0" loc="136" ncloc="136" packages="2" files="2" classes="2"/>
    <package name="lib">
      <metrics statements="96" coveredstatements="69" conditionals="28" coveredconditionals="18" methods="14" coveredmethods="10"/>
      <file name="notifications.ts" path="D:\documents\projects\natural-reaction\bunflow\lib\notifications.ts">
        <metrics statements="96" coveredstatements="69" conditionals="28" coveredconditionals="18" methods="14" coveredmethods="10"/>
        <line num="1" count="1" type="stmt"/>
        <line num="2" count="1" type="stmt"/>
        <line num="3" count="1" type="stmt"/>
        <line num="5" count="1" type="stmt"/>
        <line num="6" count="1" type="stmt"/>
        <line num="7" count="1" type="stmt"/>
        <line num="9" count="400" type="cond" truecount="2" falsecount="0"/>
        <line num="11" count="1" type="stmt"/>
        <line num="12" count="0" type="cond" truecount="0" falsecount="1"/>
        <line num="13" count="0" type="stmt"/>
        <line num="14" count="0" type="stmt"/>
        <line num="16" count="0" type="stmt"/>
        <line num="20" count="1" type="stmt"/>
        <line num="21" count="0" type="cond" truecount="0" falsecount="1"/>
        <line num="22" count="0" type="stmt"/>
        <line num="23" count="0" type="stmt"/>
        <line num="28" count="0" type="stmt"/>
        <line num="32" count="0" type="stmt"/>
        <line num="33" count="0" type="stmt"/>
        <line num="34" count="0" type="cond" truecount="0" falsecount="1"/>
        <line num="35" count="0" type="stmt"/>
        <line num="36" count="0" type="stmt"/>
        <line num="37" count="0" type="cond" truecount="0" falsecount="1"/>
        <line num="40" count="0" type="cond" truecount="0" falsecount="1"/>
        <line num="41" count="0" type="stmt"/>
        <line num="42" count="0" type="stmt"/>
        <line num="49" count="0" type="stmt"/>
        <line num="50" count="0" type="stmt"/>
        <line num="52" count="0" type="stmt"/>
        <line num="57" count="1" type="stmt"/>
        <line num="58" count="1910" type="stmt"/>
        <line num="59" count="382" type="stmt"/>
        <line num="62" count="1" type="cond" truecount="1" falsecount="0"/>
        <line num="63" count="12" type="stmt"/>
        <line num="64" count="12" type="stmt"/>
        <line num="65" count="12" type="stmt"/>
        <line num="66" count="12" type="cond" truecount="1" falsecount="0"/>
        <line num="67" count="12" type="stmt"/>
        <line num="70" count="1" type="cond" truecount="0" falsecount="1"/>
        <line num="71" count="46" type="stmt"/>
        <line num="72" count="46" type="stmt"/>
        <line num="73" count="46" type="stmt"/>
        <line num="74" count="46" type="stmt"/>
        <line num="75" count="46" type="cond" truecount="3" falsecount="0"/>
        <line num="76" count="46" type="stmt"/>
        <line num="77" count="46" type="stmt"/>
        <line num="81" count="186" type="stmt"/>
        <line num="82" count="186" type="stmt"/>
        <line num="86" count="186" type="stmt"/>
        <line num="87" count="186" type="cond" truecount="1" falsecount="1"/>
        <line num="89" count="186" type="stmt"/>
        <line num="94" count="186" type="stmt"/>
        <line num="95" count="186" type="stmt"/>
        <line num="97" count="0" type="stmt"/>
        <line num="98" count="0" type="stmt"/>
        <line num="106" count="1" type="stmt"/>
        <line num="115" count="8" type="stmt"/>
        <line num="116" count="8" type="cond" truecount="2" falsecount="0"/>
        <line num="118" count="8" type="stmt"/>
        <line num="120" count="8" type="cond" truecount="1" falsecount="0"/>
        <line num="122" count="7" type="stmt"/>
        <line num="123" count="7" type="stmt"/>
        <line num="125" count="7" type="cond" truecount="2" falsecount="0"/>
        <line num="126" count="5" type="stmt"/>
        <line num="127" count="5" type="stmt"/>
        <line num="128" count="5" type="stmt"/>
        <line num="129" count="150" type="stmt"/>
        <line num="130" count="150" type="stmt"/>
        <line num="131" count="150" type="stmt"/>
        <line num="133" count="2" type="cond" truecount="4" falsecount="0"/>
        <line num="134" count="1" type="stmt"/>
        <line num="135" count="1" type="stmt"/>
        <line num="136" count="1" type="stmt"/>
        <line num="137" count="12" type="stmt"/>
        <line num="138" count="12" type="stmt"/>
        <line num="139" count="12" type="stmt"/>
        <line num="140" count="36" type="stmt"/>
        <line num="141" count="36" type="cond" truecount="1" falsecount="1"/>
        <line num="142" count="36" type="stmt"/>
        <line num="144" count="0" type="stmt"/>
        <line num="149" count="1" type="stmt"/>
        <line num="152" count="7" type="stmt"/>
        <line num="153" count="7" type="stmt"/>
        <line num="156" count="1" type="stmt"/>
        <line num="157" count="3" type="stmt"/>
        <line num="158" count="6" type="stmt"/>
        <line num="159" count="3" type="stmt"/>
        <line num="164" count="1" type="stmt"/>
        <line num="165" count="10" type="stmt"/>
        <line num="166" count="10" type="stmt"/>
        <line num="167" count="10" type="stmt"/>
        <line num="168" count="0" type="stmt"/>
        <line num="169" count="0" type="stmt"/>
        <line num="170" count="0" type="cond" truecount="0" falsecount="2"/>
        <line num="171" count="0" type="stmt"/>
        <line num="173" count="10" type="stmt"/>
      </file>
    </package>
    <package name="store">
      <metrics statements="40" coveredstatements="40" conditionals="7" coveredconditionals="6" methods="22" coveredmethods="22"/>
      <file name="useTasks.ts" path="D:\documents\projects\natural-reaction\bunflow\store\useTasks.ts">
        <metrics statements="40" coveredstatements="40" conditionals="7" coveredconditionals="6" methods="22" coveredmethods="22"/>
        <line num="2" count="1" type="stmt"/>
        <line num="3" count="1" type="stmt"/>
        <line num="4" count="1" type="stmt"/>
        <line num="5" count="1" type="stmt"/>
        <line num="6" count="1" type="stmt"/>
        <line num="45" count="1" type="stmt"/>
        <line num="51" count="1" type="stmt"/>
        <line num="60" count="1" type="stmt"/>
        <line num="62" count="1" type="stmt"/>
        <line num="68" count="29" type="stmt"/>
        <line num="69" count="29" type="cond" truecount="1" falsecount="0"/>
        <line num="70" count="28" type="stmt"/>
        <line num="71" count="31" type="stmt"/>
        <line num="72" count="28" type="cond" truecount="1" falsecount="0"/>
        <line num="74" count="24" type="stmt"/>
        <line num="75" count="24" type="stmt"/>
        <line num="76" count="24" type="stmt"/>
        <line num="77" count="24" type="stmt"/>
        <line num="81" count="5" type="stmt"/>
        <line num="83" count="16" type="stmt"/>
        <line num="84" count="22" type="stmt"/>
        <line num="88" count="23" type="stmt"/>
        <line num="89" count="23" type="stmt"/>
        <line num="90" count="23" type="stmt"/>
        <line num="100" count="23" type="stmt"/>
        <line num="109" count="23" type="stmt"/>
        <line num="111" count="23" type="stmt"/>
        <line num="115" count="5" type="stmt"/>
        <line num="117" count="6" type="cond" truecount="2" falsecount="0"/>
        <line num="123" count="4" type="stmt"/>
        <line num="124" count="4" type="cond" truecount="1" falsecount="0"/>
        <line num="125" count="5" type="stmt"/>
        <line num="129" count="9" type="stmt"/>
        <line num="130" count="17" type="stmt"/>
        <line num="132" count="15" type="stmt"/>
        <line num="135" count="9" type="stmt"/>
        <line num="136" count="9" type="stmt"/>
        <line num="137" count="9" type="cond" truecount="1" falsecount="1"/>
        <line num="143" count="1" type="stmt"/>
        <line num="144" count="102" type="stmt"/>
      </file>
    </package>
  </project>
</coverage>
