{"D:\\documents\\projects\\natural-reaction\\bunflow\\lib\\notifications.ts": {"path":"D:\\documents\\projects\\natural-reaction\\bunflow\\lib\\notifications.ts","statementMap":{"0":{"start":{"line":11,"column":0},"end":{"line":11,"column":7}},"1":{"start":{"line":20,"column":0},"end":{"line":20,"column":7}},"2":{"start":{"line":62,"column":0},"end":{"line":62,"column":16}},"3":{"start":{"line":70,"column":0},"end":{"line":70,"column":16}},"4":{"start":{"line":106,"column":0},"end":{"line":106,"column":7}},"5":{"start":{"line":156,"column":0},"end":{"line":156,"column":7}},"6":{"start":{"line":164,"column":0},"end":{"line":164,"column":7}},"7":{"start":{"line":1,"column":0},"end":{"line":1,"column":58}},"8":{"start":{"line":2,"column":0},"end":{"line":2,"column":52}},"9":{"start":{"line":3,"column":0},"end":{"line":3,"column":40}},"10":{"start":{"line":5,"column":17},"end":{"line":5,"column":22}},"11":{"start":{"line":6,"column":12},"end":{"line":6,"column":16}},"12":{"start":{"line":7,"column":12},"end":{"line":7,"column":25}},"13":{"start":{"line":9,"column":12},"end":{"line":9,"column":58}},"14":{"start":{"line":9,"column":29},"end":{"line":9,"column":58}},"15":{"start":{"line":12,"column":2},"end":{"line":12,"column":40}},"16":{"start":{"line":12,"column":33},"end":{"line":12,"column":40}},"17":{"start":{"line":13,"column":2},"end":{"line":17,"column":3}},"18":{"start":{"line":14,"column":4},"end":{"line":14,"column":78}},"19":{"start":{"line":16,"column":4},"end":{"line":16,"column":52}},"20":{"start":{"line":21,"column":2},"end":{"line":30,"column":3}},"21":{"start":{"line":22,"column":4},"end":{"line":29,"column":5}},"22":{"start":{"line":23,"column":6},"end":{"line":26,"column":9}},"23":{"start":{"line":28,"column":6},"end":{"line":28,"column":51}},"24":{"start":{"line":32,"column":12},"end":{"line":32,"column":53}},"25":{"start":{"line":33,"column":2},"end":{"line":33,"column":25}},"26":{"start":{"line":34,"column":2},"end":{"line":38,"column":3}},"27":{"start":{"line":35,"column":14},"end":{"line":35,"column":59}},"28":{"start":{"line":36,"column":4},"end":{"line":36,"column":41}},"29":{"start":{"line":37,"column":4},"end":{"line":37,"column":45}},"30":{"start":{"line":37,"column":32},"end":{"line":37,"column":45}},"31":{"start":{"line":40,"column":2},"end":{"line":51,"column":3}},"32":{"start":{"line":41,"column":4},"end":{"line":48,"column":7}},"33":{"start":{"line":42,"column":39},"end":{"line":47,"column":8}},"34":{"start":{"line":49,"column":4},"end":{"line":49,"column":22}},"35":{"start":{"line":50,"column":4},"end":{"line":50,"column":23}},"36":{"start":{"line":52,"column":2},"end":{"line":52,"column":14}},"37":{"start":{"line":57,"column":26},"end":{"line":60,"column":1}},"38":{"start":{"line":58,"column":14},"end":{"line":58,"column":55}},"39":{"start":{"line":58,"column":29},"end":{"line":58,"column":55}},"40":{"start":{"line":59,"column":2},"end":{"line":59,"column":142}},"41":{"start":{"line":57,"column":13},"end":{"line":57,"column":26}},"42":{"start":{"line":63,"column":12},"end":{"line":63,"column":26}},"43":{"start":{"line":64,"column":2},"end":{"line":64,"column":21}},"44":{"start":{"line":65,"column":2},"end":{"line":65,"column":33}},"45":{"start":{"line":66,"column":2},"end":{"line":66,"column":71}},"46":{"start":{"line":66,"column":44},"end":{"line":66,"column":71}},"47":{"start":{"line":67,"column":2},"end":{"line":67,"column":11}},"48":{"start":{"line":71,"column":12},"end":{"line":71,"column":26}},"49":{"start":{"line":72,"column":2},"end":{"line":72,"column":21}},"50":{"start":{"line":73,"column":2},"end":{"line":73,"column":33}},"51":{"start":{"line":74,"column":13},"end":{"line":74,"column":45}},"52":{"start":{"line":75,"column":2},"end":{"line":75,"column":67}},"53":{"start":{"line":75,"column":58},"end":{"line":75,"column":67}},"54":{"start":{"line":76,"column":2},"end":{"line":76,"column":32}},"55":{"start":{"line":77,"column":2},"end":{"line":77,"column":11}},"56":{"start":{"line":81,"column":2},"end":{"line":99,"column":3}},"57":{"start":{"line":82,"column":52},"end":{"line":85,"column":6}},"58":{"start":{"line":86,"column":17},"end":{"line":86,"column":69}},"59":{"start":{"line":87,"column":4},"end":{"line":87,"column":99}},"60":{"start":{"line":89,"column":15},"end":{"line":92,"column":6}},"61":{"start":{"line":94,"column":4},"end":{"line":94,"column":93}},"62":{"start":{"line":95,"column":4},"end":{"line":95,"column":14}},"63":{"start":{"line":97,"column":4},"end":{"line":97,"column":49}},"64":{"start":{"line":98,"column":4},"end":{"line":98,"column":12}},"65":{"start":{"line":115,"column":24},"end":{"line":115,"column":26}},"66":{"start":{"line":116,"column":70},"end":{"line":116,"column":74}},"67":{"start":{"line":118,"column":2},"end":{"line":118,"column":97}},"68":{"start":{"line":120,"column":2},"end":{"line":120,"column":40}},"69":{"start":{"line":120,"column":29},"end":{"line":120,"column":40}},"70":{"start":{"line":122,"column":22},"end":{"line":122,"column":24}},"71":{"start":{"line":123,"column":23},"end":{"line":123,"column":25}},"72":{"start":{"line":125,"column":2},"end":{"line":150,"column":3}},"73":{"start":{"line":126,"column":18},"end":{"line":126,"column":46}},"74":{"start":{"line":127,"column":4},"end":{"line":127,"column":43}},"75":{"start":{"line":128,"column":4},"end":{"line":132,"column":5}},"76":{"start":{"line":128,"column":17},"end":{"line":128,"column":18}},"77":{"start":{"line":129,"column":16},"end":{"line":129,"column":31}},"78":{"start":{"line":130,"column":6},"end":{"line":130,"column":37}},"79":{"start":{"line":131,"column":6},"end":{"line":131,"column":57}},"80":{"start":{"line":133,"column":9},"end":{"line":150,"column":3}},"81":{"start":{"line":134,"column":18},"end":{"line":134,"column":28}},"82":{"start":{"line":135,"column":4},"end":{"line":135,"column":67}},"83":{"start":{"line":136,"column":4},"end":{"line":147,"column":5}},"84":{"start":{"line":136,"column":17},"end":{"line":136,"column":18}},"85":{"start":{"line":137,"column":19},"end":{"line":137,"column":34}},"86":{"start":{"line":138,"column":6},"end":{"line":138,"column":44}},"87":{"start":{"line":139,"column":6},"end":{"line":146,"column":7}},"88":{"start":{"line":140,"column":18},"end":{"line":140,"column":57}},"89":{"start":{"line":141,"column":8},"end":{"line":145,"column":9}},"90":{"start":{"line":142,"column":10},"end":{"line":142,"column":61}},"91":{"start":{"line":144,"column":10},"end":{"line":144,"column":43}},"92":{"start":{"line":149,"column":4},"end":{"line":149,"column":55}},"93":{"start":{"line":152,"column":2},"end":{"line":152,"column":36}},"94":{"start":{"line":153,"column":2},"end":{"line":153,"column":13}},"95":{"start":{"line":157,"column":2},"end":{"line":157,"column":47}},"96":{"start":{"line":158,"column":2},"end":{"line":158,"column":89}},"97":{"start":{"line":158,"column":36},"end":{"line":158,"column":86}},"98":{"start":{"line":159,"column":2},"end":{"line":159,"column":36}},"99":{"start":{"line":165,"column":14},"end":{"line":165,"column":69}},"100":{"start":{"line":166,"column":2},"end":{"line":166,"column":41}},"101":{"start":{"line":167,"column":2},"end":{"line":172,"column":5}},"102":{"start":{"line":168,"column":20},"end":{"line":168,"column":37}},"103":{"start":{"line":169,"column":16},"end":{"line":169,"column":44}},"104":{"start":{"line":170,"column":18},"end":{"line":170,"column":55}},"105":{"start":{"line":171,"column":4},"end":{"line":171,"column":107}},"106":{"start":{"line":173,"column":2},"end":{"line":173,"column":13}}},"fnMap":{"0":{"name":"(anonymous_9)","decl":{"start":{"line":9,"column":12},"end":{"line":9,"column":13}},"loc":{"start":{"line":9,"column":29},"end":{"line":9,"column":58}}},"1":{"name":"openExactAlarmsSettingsAndroid","decl":{"start":{"line":11,"column":22},"end":{"line":11,"column":52}},"loc":{"start":{"line":11,"column":52},"end":{"line":18,"column":1}}},"2":{"name":"ensureNotificationSetup","decl":{"start":{"line":20,"column":22},"end":{"line":20,"column":45}},"loc":{"start":{"line":20,"column":45},"end":{"line":53,"column":1}}},"3":{"name":"(anonymous_12)","decl":{"start":{"line":42,"column":26},"end":{"line":42,"column":31}},"loc":{"start":{"line":42,"column":39},"end":{"line":47,"column":8}}},"4":{"name":"(anonymous_13)","decl":{"start":{"line":57,"column":26},"end":{"line":57,"column":27}},"loc":{"start":{"line":57,"column":38},"end":{"line":60,"column":1}}},"5":{"name":"(anonymous_14)","decl":{"start":{"line":58,"column":14},"end":{"line":58,"column":15}},"loc":{"start":{"line":58,"column":29},"end":{"line":58,"column":55}}},"6":{"name":"nextDateAtTime","decl":{"start":{"line":62,"column":16},"end":{"line":62,"column":30}},"loc":{"start":{"line":62,"column":78},"end":{"line":68,"column":1}}},"7":{"name":"nextWeekdayDate","decl":{"start":{"line":70,"column":16},"end":{"line":70,"column":31}},"loc":{"start":{"line":70,"column":98},"end":{"line":78,"column":1}}},"8":{"name":"scheduleAt","decl":{"start":{"line":80,"column":15},"end":{"line":80,"column":25}},"loc":{"start":{"line":80,"column":66},"end":{"line":100,"column":1}}},"9":{"name":"scheduleTaskNotifications","decl":{"start":{"line":106,"column":22},"end":{"line":106,"column":47}},"loc":{"start":{"line":114,"column":1},"end":{"line":154,"column":1}}},"10":{"name":"cancelManyNotifications","decl":{"start":{"line":156,"column":22},"end":{"line":156,"column":45}},"loc":{"start":{"line":156,"column":59},"end":{"line":160,"column":1}}},"11":{"name":"(anonymous_20)","decl":{"start":{"line":158,"column":28},"end":{"line":158,"column":29}},"loc":{"start":{"line":158,"column":36},"end":{"line":158,"column":86}}},"12":{"name":"debugListScheduledVerbose","decl":{"start":{"line":164,"column":22},"end":{"line":164,"column":47}},"loc":{"start":{"line":164,"column":47},"end":{"line":174,"column":1}}},"13":{"name":"(anonymous_22)","decl":{"start":{"line":167,"column":27},"end":{"line":167,"column":28}},"loc":{"start":{"line":167,"column":36},"end":{"line":172,"column":3}}}},"branchMap":{"0":{"loc":{"start":{"line":9,"column":29},"end":{"line":9,"column":58}},"type":"binary-expr","locations":[{"start":{"line":9,"column":29},"end":{"line":9,"column":32}},{"start":{"line":9,"column":36},"end":{"line":9,"column":58}}]},"1":{"loc":{"start":{"line":12,"column":2},"end":{"line":12,"column":40}},"type":"if","locations":[{"start":{"line":12,"column":2},"end":{"line":12,"column":40}}]},"2":{"loc":{"start":{"line":21,"column":2},"end":{"line":30,"column":3}},"type":"if","locations":[{"start":{"line":21,"column":2},"end":{"line":30,"column":3}}]},"3":{"loc":{"start":{"line":34,"column":2},"end":{"line":38,"column":3}},"type":"if","locations":[{"start":{"line":34,"column":2},"end":{"line":38,"column":3}}]},"4":{"loc":{"start":{"line":37,"column":4},"end":{"line":37,"column":45}},"type":"if","locations":[{"start":{"line":37,"column":4},"end":{"line":37,"column":45}}]},"5":{"loc":{"start":{"line":40,"column":2},"end":{"line":51,"column":3}},"type":"if","locations":[{"start":{"line":40,"column":2},"end":{"line":51,"column":3}}]},"6":{"loc":{"start":{"line":62,"column":61},"end":{"line":62,"column":78}},"type":"default-arg","locations":[{"start":{"line":62,"column":68},"end":{"line":62,"column":78}}]},"7":{"loc":{"start":{"line":66,"column":2},"end":{"line":66,"column":71}},"type":"if","locations":[{"start":{"line":66,"column":2},"end":{"line":66,"column":71}}]},"8":{"loc":{"start":{"line":70,"column":81},"end":{"line":70,"column":98}},"type":"default-arg","locations":[{"start":{"line":70,"column":88},"end":{"line":70,"column":98}}]},"9":{"loc":{"start":{"line":75,"column":2},"end":{"line":75,"column":67}},"type":"if","locations":[{"start":{"line":75,"column":2},"end":{"line":75,"column":67}}]},"10":{"loc":{"start":{"line":75,"column":6},"end":{"line":75,"column":56}},"type":"binary-expr","locations":[{"start":{"line":75,"column":6},"end":{"line":75,"column":16}},{"start":{"line":75,"column":20},"end":{"line":75,"column":56}}]},"11":{"loc":{"start":{"line":87,"column":58},"end":{"line":87,"column":97}},"type":"cond-expr","locations":[{"start":{"line":87,"column":65},"end":{"line":87,"column":90}},{"start":{"line":87,"column":93},"end":{"line":87,"column":97}}]},"12":{"loc":{"start":{"line":116,"column":35},"end":{"line":116,"column":43}},"type":"default-arg","locations":[{"start":{"line":116,"column":42},"end":{"line":116,"column":43}}]},"13":{"loc":{"start":{"line":116,"column":45},"end":{"line":116,"column":55}},"type":"default-arg","locations":[{"start":{"line":116,"column":54},"end":{"line":116,"column":55}}]},"14":{"loc":{"start":{"line":120,"column":2},"end":{"line":120,"column":40}},"type":"if","locations":[{"start":{"line":120,"column":2},"end":{"line":120,"column":40}}]},"15":{"loc":{"start":{"line":125,"column":2},"end":{"line":150,"column":3}},"type":"if","locations":[{"start":{"line":125,"column":2},"end":{"line":150,"column":3}},{"start":{"line":133,"column":9},"end":{"line":150,"column":3}}]},"16":{"loc":{"start":{"line":133,"column":9},"end":{"line":150,"column":3}},"type":"if","locations":[{"start":{"line":133,"column":9},"end":{"line":150,"column":3}},{"start":{"line":148,"column":9},"end":{"line":150,"column":3}}]},"17":{"loc":{"start":{"line":133,"column":13},"end":{"line":133,"column":56}},"type":"binary-expr","locations":[{"start":{"line":133,"column":13},"end":{"line":133,"column":36}},{"start":{"line":133,"column":40},"end":{"line":133,"column":56}}]},"18":{"loc":{"start":{"line":141,"column":8},"end":{"line":145,"column":9}},"type":"if","locations":[{"start":{"line":141,"column":8},"end":{"line":145,"column":9}},{"start":{"line":143,"column":15},"end":{"line":145,"column":9}}]},"19":{"loc":{"start":{"line":170,"column":18},"end":{"line":170,"column":55}},"type":"cond-expr","locations":[{"start":{"line":170,"column":23},"end":{"line":170,"column":47}},{"start":{"line":170,"column":50},"end":{"line":170,"column":55}}]}},"s":{"0":1,"1":1,"2":1,"3":1,"4":1,"5":1,"6":1,"7":1,"8":1,"9":1,"10":1,"11":1,"12":1,"13":1,"14":400,"15":0,"16":0,"17":0,"18":0,"19":0,"20":0,"21":0,"22":0,"23":0,"24":0,"25":0,"26":0,"27":0,"28":0,"29":0,"30":0,"31":0,"32":0,"33":0,"34":0,"35":0,"36":0,"37":1,"38":382,"39":1910,"40":382,"41":1,"42":12,"43":12,"44":12,"45":12,"46":5,"47":12,"48":46,"49":46,"50":46,"51":46,"52":46,"53":2,"54":46,"55":46,"56":186,"57":186,"58":186,"59":186,"60":186,"61":186,"62":186,"63":0,"64":0,"65":8,"66":8,"67":8,"68":8,"69":1,"70":7,"71":7,"72":7,"73":5,"74":5,"75":5,"76":5,"77":150,"78":150,"79":150,"80":2,"81":1,"82":1,"83":1,"84":1,"85":12,"86":12,"87":12,"88":36,"89":36,"90":36,"91":0,"92":1,"93":7,"94":7,"95":3,"96":3,"97":6,"98":3,"99":10,"100":10,"101":10,"102":0,"103":0,"104":0,"105":0,"106":10},"f":{"0":400,"1":0,"2":0,"3":0,"4":382,"5":1910,"6":12,"7":46,"8":186,"9":8,"10":3,"11":6,"12":10,"13":0},"b":{"0":[400,400],"1":[0],"2":[0],"3":[0],"4":[0],"5":[0],"6":[5],"7":[5],"8":[0],"9":[2],"10":[46,15],"11":[0,186],"12":[5],"13":[5],"14":[1],"15":[5,2],"16":[1,1],"17":[2,2],"18":[36,0],"19":[0,0]}}
,"D:\\documents\\projects\\natural-reaction\\bunflow\\store\\useTasks.ts": {"path":"D:\\documents\\projects\\natural-reaction\\bunflow\\store\\useTasks.ts","statementMap":{"0":{"start":{"line":2,"column":0},"end":{"line":2,"column":69}},"1":{"start":{"line":3,"column":0},"end":{"line":3,"column":38}},"2":{"start":{"line":4,"column":0},"end":{"line":4,"column":33}},"3":{"start":{"line":5,"column":0},"end":{"line":5,"column":64}},"4":{"start":{"line":6,"column":0},"end":{"line":6,"column":107}},"5":{"start":{"line":45,"column":42},"end":{"line":49,"column":2}},"6":{"start":{"line":51,"column":20},"end":{"line":58,"column":2}},"7":{"start":{"line":60,"column":13},"end":{"line":147,"column":2}},"8":{"start":{"line":62,"column":19},"end":{"line":140,"column":6}},"9":{"start":{"line":68,"column":21},"end":{"line":68,"column":35}},"10":{"start":{"line":69,"column":8},"end":{"line":69,"column":29}},"11":{"start":{"line":69,"column":19},"end":{"line":69,"column":29}},"12":{"start":{"line":70,"column":25},"end":{"line":70,"column":30}},"13":{"start":{"line":71,"column":25},"end":{"line":71,"column":86}},"14":{"start":{"line":71,"column":42},"end":{"line":71,"column":85}},"15":{"start":{"line":72,"column":8},"end":{"line":72,"column":41}},"16":{"start":{"line":72,"column":22},"end":{"line":72,"column":41}},"17":{"start":{"line":74,"column":22},"end":{"line":74,"column":67}},"18":{"start":{"line":75,"column":25},"end":{"line":75,"column":65}},"19":{"start":{"line":76,"column":8},"end":{"line":76,"column":38}},"20":{"start":{"line":77,"column":8},"end":{"line":77,"column":22}},"21":{"start":{"line":81,"column":31},"end":{"line":81,"column":36}},"22":{"start":{"line":83,"column":23},"end":{"line":83,"column":94}},"23":{"start":{"line":83,"column":48},"end":{"line":83,"column":93}},"24":{"start":{"line":84,"column":8},"end":{"line":84,"column":100}},"25":{"start":{"line":84,"column":80},"end":{"line":84,"column":95}},"26":{"start":{"line":88,"column":20},"end":{"line":88,"column":30}},"27":{"start":{"line":89,"column":19},"end":{"line":89,"column":38}},"28":{"start":{"line":90,"column":27},"end":{"line":97,"column":10}},"29":{"start":{"line":100,"column":21},"end":{"line":108,"column":10}},"30":{"start":{"line":109,"column":8},"end":{"line":109,"column":36}},"31":{"start":{"line":111,"column":8},"end":{"line":111,"column":52}},"32":{"start":{"line":111,"column":20},"end":{"line":111,"column":49}},"33":{"start":{"line":115,"column":8},"end":{"line":119,"column":12}},"34":{"start":{"line":115,"column":20},"end":{"line":119,"column":10}},"35":{"start":{"line":117,"column":12},"end":{"line":117,"column":76}},"36":{"start":{"line":123,"column":21},"end":{"line":123,"column":57}},"37":{"start":{"line":123,"column":45},"end":{"line":123,"column":56}},"38":{"start":{"line":124,"column":8},"end":{"line":124,"column":95}},"39":{"start":{"line":124,"column":43},"end":{"line":124,"column":95}},"40":{"start":{"line":125,"column":8},"end":{"line":125,"column":68}},"41":{"start":{"line":125,"column":20},"end":{"line":125,"column":65}},"42":{"start":{"line":125,"column":51},"end":{"line":125,"column":62}},"43":{"start":{"line":129,"column":20},"end":{"line":132,"column":49}},"44":{"start":{"line":130,"column":22},"end":{"line":130,"column":30}},"45":{"start":{"line":132,"column":22},"end":{"line":132,"column":48}},"46":{"start":{"line":135,"column":22},"end":{"line":135,"column":46}},"47":{"start":{"line":136,"column":8},"end":{"line":138,"column":12}},"48":{"start":{"line":136,"column":20},"end":{"line":138,"column":10}},"49":{"start":{"line":137,"column":37},"end":{"line":137,"column":101}},"50":{"start":{"line":143,"column":39},"end":{"line":143,"column":51}},"51":{"start":{"line":144,"column":25},"end":{"line":144,"column":26}}},"fnMap":{"0":{"name":"(anonymous_10)","decl":{"start":{"line":62,"column":4},"end":{"line":62,"column":5}},"loc":{"start":{"line":62,"column":19},"end":{"line":140,"column":6}}},"1":{"name":"(anonymous_11)","decl":{"start":{"line":67,"column":25},"end":{"line":67,"column":26}},"loc":{"start":{"line":67,"column":37},"end":{"line":78,"column":9}}},"2":{"name":"(anonymous_12)","decl":{"start":{"line":71,"column":35},"end":{"line":71,"column":36}},"loc":{"start":{"line":71,"column":42},"end":{"line":71,"column":85}}},"3":{"name":"(anonymous_13)","decl":{"start":{"line":80,"column":23},"end":{"line":80,"column":24}},"loc":{"start":{"line":80,"column":40},"end":{"line":85,"column":7}}},"4":{"name":"(anonymous_14)","decl":{"start":{"line":83,"column":41},"end":{"line":83,"column":42}},"loc":{"start":{"line":83,"column":48},"end":{"line":83,"column":93}}},"5":{"name":"(anonymous_15)","decl":{"start":{"line":84,"column":73},"end":{"line":84,"column":74}},"loc":{"start":{"line":84,"column":80},"end":{"line":84,"column":95}}},"6":{"name":"(anonymous_16)","decl":{"start":{"line":87,"column":15},"end":{"line":87,"column":20}},"loc":{"start":{"line":87,"column":31},"end":{"line":112,"column":7}}},"7":{"name":"(anonymous_17)","decl":{"start":{"line":111,"column":12},"end":{"line":111,"column":13}},"loc":{"start":{"line":111,"column":20},"end":{"line":111,"column":49}}},"8":{"name":"(anonymous_18)","decl":{"start":{"line":114,"column":18},"end":{"line":114,"column":19}},"loc":{"start":{"line":114,"column":25},"end":{"line":120,"column":7}}},"9":{"name":"(anonymous_19)","decl":{"start":{"line":115,"column":12},"end":{"line":115,"column":13}},"loc":{"start":{"line":115,"column":20},"end":{"line":119,"column":10}}},"10":{"name":"(anonymous_20)","decl":{"start":{"line":116,"column":29},"end":{"line":116,"column":30}},"loc":{"start":{"line":117,"column":12},"end":{"line":117,"column":76}}},"11":{"name":"(anonymous_21)","decl":{"start":{"line":122,"column":18},"end":{"line":122,"column":23}},"loc":{"start":{"line":122,"column":31},"end":{"line":126,"column":7}}},"12":{"name":"(anonymous_22)","decl":{"start":{"line":123,"column":38},"end":{"line":123,"column":39}},"loc":{"start":{"line":123,"column":45},"end":{"line":123,"column":56}}},"13":{"name":"(anonymous_23)","decl":{"start":{"line":125,"column":12},"end":{"line":125,"column":13}},"loc":{"start":{"line":125,"column":20},"end":{"line":125,"column":65}}},"14":{"name":"(anonymous_24)","decl":{"start":{"line":125,"column":44},"end":{"line":125,"column":45}},"loc":{"start":{"line":125,"column":51},"end":{"line":125,"column":62}}},"15":{"name":"(anonymous_25)","decl":{"start":{"line":128,"column":19},"end":{"line":128,"column":20}},"loc":{"start":{"line":128,"column":36},"end":{"line":139,"column":7}}},"16":{"name":"(anonymous_26)","decl":{"start":{"line":130,"column":15},"end":{"line":130,"column":16}},"loc":{"start":{"line":130,"column":22},"end":{"line":130,"column":30}}},"17":{"name":"(anonymous_27)","decl":{"start":{"line":132,"column":15},"end":{"line":132,"column":16}},"loc":{"start":{"line":132,"column":22},"end":{"line":132,"column":48}}},"18":{"name":"(anonymous_28)","decl":{"start":{"line":136,"column":12},"end":{"line":136,"column":13}},"loc":{"start":{"line":136,"column":20},"end":{"line":138,"column":10}}},"19":{"name":"(anonymous_29)","decl":{"start":{"line":137,"column":29},"end":{"line":137,"column":30}},"loc":{"start":{"line":137,"column":37},"end":{"line":137,"column":101}}},"20":{"name":"(anonymous_30)","decl":{"start":{"line":143,"column":33},"end":{"line":143,"column":36}},"loc":{"start":{"line":143,"column":39},"end":{"line":143,"column":51}}},"21":{"name":"(anonymous_31)","decl":{"start":{"line":144,"column":18},"end":{"line":144,"column":19}},"loc":{"start":{"line":144,"column":25},"end":{"line":144,"column":26}}}},"branchMap":{"0":{"loc":{"start":{"line":69,"column":8},"end":{"line":69,"column":29}},"type":"if","locations":[{"start":{"line":69,"column":8},"end":{"line":69,"column":29}}]},"1":{"loc":{"start":{"line":72,"column":8},"end":{"line":72,"column":41}},"type":"if","locations":[{"start":{"line":72,"column":8},"end":{"line":72,"column":41}}]},"2":{"loc":{"start":{"line":117,"column":12},"end":{"line":117,"column":76}},"type":"cond-expr","locations":[{"start":{"line":117,"column":26},"end":{"line":117,"column":72}},{"start":{"line":117,"column":75},"end":{"line":117,"column":76}}]},"3":{"loc":{"start":{"line":124,"column":8},"end":{"line":124,"column":95}},"type":"if","locations":[{"start":{"line":124,"column":8},"end":{"line":124,"column":95}}]},"4":{"loc":{"start":{"line":137,"column":37},"end":{"line":137,"column":101}},"type":"cond-expr","locations":[{"start":{"line":137,"column":51},"end":{"line":137,"column":97}},{"start":{"line":137,"column":100},"end":{"line":137,"column":101}}]}},"s":{"0":1,"1":1,"2":1,"3":1,"4":1,"5":1,"6":1,"7":1,"8":1,"9":29,"10":29,"11":1,"12":28,"13":28,"14":31,"15":28,"16":4,"17":24,"18":24,"19":24,"20":24,"21":5,"22":5,"23":16,"24":5,"25":22,"26":23,"27":23,"28":23,"29":23,"30":23,"31":23,"32":23,"33":5,"34":5,"35":6,"36":4,"37":4,"38":4,"39":3,"40":4,"41":4,"42":5,"43":9,"44":17,"45":15,"46":9,"47":9,"48":9,"49":9,"50":1,"51":102},"f":{"0":1,"1":29,"2":31,"3":5,"4":16,"5":22,"6":23,"7":23,"8":5,"9":5,"10":6,"11":4,"12":4,"13":4,"14":5,"15":9,"16":17,"17":15,"18":9,"19":9,"20":1,"21":102},"b":{"0":[1],"1":[4],"2":[5,1],"3":[3],"4":[9,0]}}
}
