TN:
SF:lib\notifications.ts
FN:9,(anonymous_9)
FN:11,openExactAlarmsSettingsAndroid
FN:20,ensureNotificationSetup
FN:42,(anonymous_12)
FN:57,(anonymous_13)
FN:58,(anonymous_14)
FN:62,nextDateAtTime
FN:70,nextWeekdayDate
FN:80,scheduleAt
FN:106,scheduleTaskNotifications
FN:156,cancelManyNotifications
FN:158,(anonymous_20)
FN:164,debugListScheduledVerbose
FN:167,(anonymous_22)
FNF:14
FNH:10
FNDA:400,(anonymous_9)
FNDA:0,openExactAlarmsSettingsAndroid
FNDA:0,ensureNotificationSetup
FNDA:0,(anonymous_12)
FNDA:382,(anonymous_13)
FNDA:1910,(anonymous_14)
FNDA:12,nextDateAtTime
FNDA:46,nextWeekdayDate
FNDA:186,scheduleAt
FNDA:8,scheduleTaskNotifications
FNDA:3,cancelManyNotifications
FNDA:6,(anonymous_20)
FNDA:10,debugListScheduledVerbose
FNDA:0,(anonymous_22)
DA:1,1
DA:2,1
DA:3,1
DA:5,1
DA:6,1
DA:7,1
DA:9,400
DA:11,1
DA:12,0
DA:13,0
DA:14,0
DA:16,0
DA:20,1
DA:21,0
DA:22,0
DA:23,0
DA:28,0
DA:32,0
DA:33,0
DA:34,0
DA:35,0
DA:36,0
DA:37,0
DA:40,0
DA:41,0
DA:42,0
DA:49,0
DA:50,0
DA:52,0
DA:57,1
DA:58,1910
DA:59,382
DA:62,1
DA:63,12
DA:64,12
DA:65,12
DA:66,12
DA:67,12
DA:70,1
DA:71,46
DA:72,46
DA:73,46
DA:74,46
DA:75,46
DA:76,46
DA:77,46
DA:81,186
DA:82,186
DA:86,186
DA:87,186
DA:89,186
DA:94,186
DA:95,186
DA:97,0
DA:98,0
DA:106,1
DA:115,8
DA:116,8
DA:118,8
DA:120,8
DA:122,7
DA:123,7
DA:125,7
DA:126,5
DA:127,5
DA:128,5
DA:129,150
DA:130,150
DA:131,150
DA:133,2
DA:134,1
DA:135,1
DA:136,1
DA:137,12
DA:138,12
DA:139,12
DA:140,36
DA:141,36
DA:142,36
DA:144,0
DA:149,1
DA:152,7
DA:153,7
DA:156,1
DA:157,3
DA:158,6
DA:159,3
DA:164,1
DA:165,10
DA:166,10
DA:167,10
DA:168,0
DA:169,0
DA:170,0
DA:171,0
DA:173,10
LF:96
LH:69
BRDA:9,0,0,400
BRDA:9,0,1,400
BRDA:12,1,0,0
BRDA:21,2,0,0
BRDA:34,3,0,0
BRDA:37,4,0,0
BRDA:40,5,0,0
BRDA:62,6,0,5
BRDA:66,7,0,5
BRDA:70,8,0,0
BRDA:75,9,0,2
BRDA:75,10,0,46
BRDA:75,10,1,15
BRDA:87,11,0,0
BRDA:87,11,1,186
BRDA:116,12,0,5
BRDA:116,13,0,5
BRDA:120,14,0,1
BRDA:125,15,0,5
BRDA:125,15,1,2
BRDA:133,16,0,1
BRDA:133,16,1,1
BRDA:133,17,0,2
BRDA:133,17,1,2
BRDA:141,18,0,36
BRDA:141,18,1,0
BRDA:170,19,0,0
BRDA:170,19,1,0
BRF:28
BRH:18
end_of_record
TN:
SF:store\useTasks.ts
FN:62,(anonymous_10)
FN:67,(anonymous_11)
FN:71,(anonymous_12)
FN:80,(anonymous_13)
FN:83,(anonymous_14)
FN:84,(anonymous_15)
FN:87,(anonymous_16)
FN:111,(anonymous_17)
FN:114,(anonymous_18)
FN:115,(anonymous_19)
FN:116,(anonymous_20)
FN:122,(anonymous_21)
FN:123,(anonymous_22)
FN:125,(anonymous_23)
FN:125,(anonymous_24)
FN:128,(anonymous_25)
FN:130,(anonymous_26)
FN:132,(anonymous_27)
FN:136,(anonymous_28)
FN:137,(anonymous_29)
FN:143,(anonymous_30)
FN:144,(anonymous_31)
FNF:22
FNH:22
FNDA:1,(anonymous_10)
FNDA:29,(anonymous_11)
FNDA:31,(anonymous_12)
FNDA:5,(anonymous_13)
FNDA:16,(anonymous_14)
FNDA:22,(anonymous_15)
FNDA:23,(anonymous_16)
FNDA:23,(anonymous_17)
FNDA:5,(anonymous_18)
FNDA:5,(anonymous_19)
FNDA:6,(anonymous_20)
FNDA:4,(anonymous_21)
FNDA:4,(anonymous_22)
FNDA:4,(anonymous_23)
FNDA:5,(anonymous_24)
FNDA:9,(anonymous_25)
FNDA:17,(anonymous_26)
FNDA:15,(anonymous_27)
FNDA:9,(anonymous_28)
FNDA:9,(anonymous_29)
FNDA:1,(anonymous_30)
FNDA:102,(anonymous_31)
DA:2,1
DA:3,1
DA:4,1
DA:5,1
DA:6,1
DA:45,1
DA:51,1
DA:60,1
DA:62,1
DA:68,29
DA:69,29
DA:70,28
DA:71,31
DA:72,28
DA:74,24
DA:75,24
DA:76,24
DA:77,24
DA:81,5
DA:83,16
DA:84,22
DA:88,23
DA:89,23
DA:90,23
DA:100,23
DA:109,23
DA:111,23
DA:115,5
DA:117,6
DA:123,4
DA:124,4
DA:125,5
DA:129,9
DA:130,17
DA:132,15
DA:135,9
DA:136,9
DA:137,9
DA:143,1
DA:144,102
LF:40
LH:40
BRDA:69,0,0,1
BRDA:72,1,0,4
BRDA:117,2,0,5
BRDA:117,2,1,1
BRDA:124,3,0,3
BRDA:137,4,0,9
BRDA:137,4,1,0
BRF:7
BRH:6
end_of_record
